<?xml version="1.0" encoding="UTF-8"?>
<testsuite xmlns:xsi="http://www.w3.org/2001/XMLSchema-instance" xsi:noNamespaceSchemaLocation="https://maven.apache.org/surefire/maven-surefire-plugin/xsd/surefire-test-report-3.0.xsd" version="3.0" name="TestSuite" time="46.803" tests="6" errors="0" skipped="0" failures="0">
  <properties>
[...]
</properties>
  <testcase name="titleCheck" classname="masudeocross.TestDemo" time="13.388">
    <system-err><![CDATA[Feb 06, 2024 3:27:21 PM org.openqa.selenium.remote.tracing.opentelemetry.OpenTelemetryTracer createTracer
INFO: Using OpenTelemetry for tracing
]]></system-err>
  </testcase>
  <testcase name="titleCheck" classname="masudeocross.TestDemo" time="13.58"/>
  <testcase name="titleCheck" classname="masudeocross.TestDemo" time="1.363"/>
  <testcase name="titleCheckGit" classname="masudeocross.TestDemoTwo" time="12.444"/>
  <testcase name="titleCheckGit" classname="masudeocross.TestDemoTwo" time="15.46"/>
  <testcase name="titleCheckGit" classname="masudeocross.TestDemoTwo" time="20.804"/>
</testsuite>