<?xml version="1.0" encoding="UTF-8"?>
<testng-results ignored="0" total="6" passed="6" failed="0" skipped="0">
  <reporter-output>
  </reporter-output>
  <suite started-at="2024-02-06T15:27:20 IST" name="Suite" finished-at="2024-02-06T15:28:04 IST" duration-ms="43258">
    <groups>
    </groups>
    <test started-at="2024-02-06T15:27:20 IST" name="Test-1" finished-at="2024-02-06T15:27:34 IST" duration-ms="13794">
      <class name="masudeocross.TestDemo">
        <test-method signature="titleCheck()[pri:0, instance:masudeocross.TestDemo@411291e5]" started-at="2024-02-06T15:27:20 IST" name="titleCheck" finished-at="2024-02-06T15:27:32 IST" duration-ms="11875" status="PASS">
          <reporter-output>
          </reporter-output>
        </test-method> <!-- titleCheck -->
      </class> <!-- masudeocross.TestDemo -->
    </test> <!-- Test-1 -->
    <test started-at="2024-02-06T15:27:20 IST" name="Test-0" finished-at="2024-02-06T15:27:34 IST" duration-ms="13608">
      <class name="masudeocross.TestDemo">
        <test-method signature="titleCheck()[pri:0, instance:masudeocross.TestDemo@3c443976]" started-at="2024-02-06T15:27:20 IST" name="titleCheck" finished-at="2024-02-06T15:27:31 IST" duration-ms="10971" status="PASS">
          <reporter-output>
          </reporter-output>
        </test-method> <!-- titleCheck -->
      </class> <!-- masudeocross.TestDemo -->
    </test> <!-- Test-0 -->
    <test started-at="2024-02-06T15:27:20 IST" name="Test-2" finished-at="2024-02-06T15:27:41 IST" duration-ms="20411">
      <class name="masudeocross.TestDemo">
        <test-method signature="titleCheck()[pri:0, instance:masudeocross.TestDemo@19f040ba]" started-at="2024-02-06T15:27:20 IST" name="titleCheck" finished-at="2024-02-06T15:27:41 IST" duration-ms="20075" status="PASS">
          <reporter-output>
          </reporter-output>
        </test-method> <!-- titleCheck -->
      </class> <!-- masudeocross.TestDemo -->
    </test> <!-- Test-2 -->
    <test started-at="2024-02-06T15:27:36 IST" name="TestGit-0" finished-at="2024-02-06T15:27:55 IST" duration-ms="18788">
      <class name="masudeocross.TestDemoTwo">
        <test-method signature="titleCheckGit()[pri:0, instance:masudeocross.TestDemoTwo@3d7cc3cb]" started-at="2024-02-06T15:27:36 IST" name="titleCheckGit" finished-at="2024-02-06T15:27:53 IST" duration-ms="17096" status="PASS">
          <reporter-output>
          </reporter-output>
        </test-method> <!-- titleCheckGit -->
      </class> <!-- masudeocross.TestDemoTwo -->
    </test> <!-- TestGit-0 -->
    <test started-at="2024-02-06T15:27:39 IST" name="TestGit-1" finished-at="2024-02-06T15:27:58 IST" duration-ms="18870">
      <class name="masudeocross.TestDemoTwo">
        <test-method signature="titleCheckGit()[pri:0, instance:masudeocross.TestDemoTwo@6b7d1df8]" started-at="2024-02-06T15:27:39 IST" name="titleCheckGit" finished-at="2024-02-06T15:27:56 IST" duration-ms="17107" status="PASS">
          <reporter-output>
          </reporter-output>
        </test-method> <!-- titleCheckGit -->
      </class> <!-- masudeocross.TestDemoTwo -->
    </test> <!-- TestGit-1 -->
    <test started-at="2024-02-06T15:27:43 IST" name="TestGit-2" finished-at="2024-02-06T15:28:04 IST" duration-ms="20810">
      <class name="masudeocross.TestDemoTwo">
        <test-method signature="titleCheckGit()[pri:0, instance:masudeocross.TestDemoTwo@49096b06]" started-at="2024-02-06T15:27:43 IST" name="titleCheckGit" finished-at="2024-02-06T15:28:03 IST" duration-ms="20408" status="PASS">
          <reporter-output>
          </reporter-output>
        </test-method> <!-- titleCheckGit -->
      </class> <!-- masudeocross.TestDemoTwo -->
    </test> <!-- TestGit-2 -->
  </suite> <!-- Suite -->
</testng-results>
