<?xml version="1.0" encoding="UTF-8"?>
<testng-results ignored="0" total="6" passed="6" failed="0" skipped="0">
  <reporter-output>
  </reporter-output>
  <suite started-at="2024-02-13T20:51:30 IST" name="Suite" finished-at="2024-02-13T20:52:14 IST" duration-ms="43839">
    <groups>
    </groups>
    <test started-at="2024-02-13T20:51:30 IST" name="Test-0" finished-at="2024-02-13T20:51:46 IST" duration-ms="15030">
      <class name="masudeocross.TestDemo">
        <test-method signature="titleCheck()[pri:0, instance:masudeocross.TestDemo@30135202]" started-at="2024-02-13T20:51:31 IST" name="titleCheck" finished-at="2024-02-13T20:51:43 IST" duration-ms="12700" status="PASS">
          <reporter-output>
          </reporter-output>
        </test-method> <!-- titleCheck -->
      </class> <!-- masudeocross.TestDemo -->
    </test> <!-- Test-0 -->
    <test started-at="2024-02-13T20:51:30 IST" name="Test-1" finished-at="2024-02-13T20:51:49 IST" duration-ms="18818">
      <class name="masudeocross.TestDemo">
        <test-method signature="titleCheck()[pri:0, instance:masudeocross.TestDemo@4cbd03e7]" started-at="2024-02-13T20:51:31 IST" name="titleCheck" finished-at="2024-02-13T20:51:48 IST" duration-ms="16931" status="PASS">
          <reporter-output>
          </reporter-output>
        </test-method> <!-- titleCheck -->
      </class> <!-- masudeocross.TestDemo -->
    </test> <!-- Test-1 -->
    <test started-at="2024-02-13T20:51:31 IST" name="Test-2" finished-at="2024-02-13T20:51:51 IST" duration-ms="20004">
      <class name="masudeocross.TestDemo">
        <test-method signature="titleCheck()[pri:0, instance:masudeocross.TestDemo@7a639ec5]" started-at="2024-02-13T20:51:31 IST" name="titleCheck" finished-at="2024-02-13T20:51:50 IST" duration-ms="19755" status="PASS">
          <reporter-output>
          </reporter-output>
        </test-method> <!-- titleCheck -->
      </class> <!-- masudeocross.TestDemo -->
    </test> <!-- Test-2 -->
    <test started-at="2024-02-13T20:51:48 IST" name="TestGit-0" finished-at="2024-02-13T20:52:03 IST" duration-ms="15342">
      <class name="masudeocross.TestDemoTwo">
        <test-method signature="titleCheckGit()[pri:0, instance:masudeocross.TestDemoTwo@5aae8eb5]" started-at="2024-02-13T20:51:48 IST" name="titleCheckGit" finished-at="2024-02-13T20:52:01 IST" duration-ms="13376" status="PASS">
          <reporter-output>
          </reporter-output>
        </test-method> <!-- titleCheckGit -->
      </class> <!-- masudeocross.TestDemoTwo -->
    </test> <!-- TestGit-0 -->
    <test started-at="2024-02-13T20:51:52 IST" name="TestGit-1" finished-at="2024-02-13T20:52:10 IST" duration-ms="17588">
      <class name="masudeocross.TestDemoTwo">
        <test-method signature="titleCheckGit()[pri:0, instance:masudeocross.TestDemoTwo@982bb90]" started-at="2024-02-13T20:51:52 IST" name="titleCheckGit" finished-at="2024-02-13T20:52:08 IST" duration-ms="15758" status="PASS">
          <reporter-output>
          </reporter-output>
        </test-method> <!-- titleCheckGit -->
      </class> <!-- masudeocross.TestDemoTwo -->
    </test> <!-- TestGit-1 -->
    <test started-at="2024-02-13T20:51:53 IST" name="TestGit-2" finished-at="2024-02-13T20:52:14 IST" duration-ms="21796">
      <class name="masudeocross.TestDemoTwo">
        <test-method signature="titleCheckGit()[pri:0, instance:masudeocross.TestDemoTwo@4bb8855f]" started-at="2024-02-13T20:51:53 IST" name="titleCheckGit" finished-at="2024-02-13T20:52:14 IST" duration-ms="21574" status="PASS">
          <reporter-output>
          </reporter-output>
        </test-method> <!-- titleCheckGit -->
      </class> <!-- masudeocross.TestDemoTwo -->
    </test> <!-- TestGit-2 -->
  </suite> <!-- Suite -->
</testng-results>
